make all --print-data-base --no-builtin-variables --no-builtin-rules --question
make: *** No rule to make target 'all'.  Stop.

# GNU Make 4.2.1
# Built for x86_64-pc-linux-gnu
# Copyright (C) 1988-2016 Free Software Foundation, Inc.
# License GPLv3+: GNU GPL version 3 or later <http://gnu.org/licenses/gpl.html>
# This is free software: you are free to change and redistribute it.
# There is NO WARRANTY, to the extent permitted by law.

# Make data base, printed on Sat May  7 13:15:09 2022

# Variables

# automatic
<D = $(patsubst %/,%,$(dir $<))
# automatic
?F = $(notdir $?)
# environment
DESKTOP_SESSION = cinnamon
# default
.SHELLFLAGS := -c
# environment
COMMONSYNCPATH = /home/cristian/Comune/_COMMON/Sync
# environment
XDG_SESSION_TYPE = x11
# environment
BKPFAMILYPATH = /mnt/Bkp_Family
# environment
VSCODE_LOG_NATIVE = false
# environment
GTK3_MODULES = xapp-gtk3-module
# automatic
?D = $(patsubst %/,%,$(dir $?))
# automatic
@D = $(patsubst %/,%,$(dir $@))
# environment
XAUTHORITY = /home/cristian/.Xauthority
# environment
GDMSESSION = cinnamon
# default
MAKE_VERSION := 4.2.1
# makefile
CURDIR := /home/cristian/Comune/_COMMON/Sync/_Doc/UniTn/Corsi/2_Anno/Programmazione_CalcoloNum/Lab/Coding
# makefile
SHELL = /bin/sh
# environment
GDM_LANG = en_US
# environment
VSCODE_NLS_CONFIG = {"locale":"en-us","availableLanguages":{},"_languagePackSupport":true}
# environment
_ = /usr/share/code/code
# environment
XDG_CONFIG_DIRS = /etc/xdg/xdg-cinnamon:/etc/xdg
# environment
GTK_OVERLAY_SCROLLING = 1
# makefile
MAKEFILE_LIST := 
# environment
HDDCRY2SYNCPATH = /mnt/HDD_CRY2/_COMMON/Sync
# automatic
@F = $(notdir $@)
# environment
GIO_LAUNCHED_DESKTOP_FILE = /usr/share/applications/code.desktop
# 'override' directive
GNUMAKEFLAGS := 
# environment
MANDATORY_PATH = /usr/share/gconf/cinnamon.mandatory.path
# environment
XDG_DATA_DIRS = /usr/share/gnome:/usr/share/cinnamon:/home/cristian/.local/share/flatpak/exports/share:/var/lib/flatpak/exports/share:/usr/local/share:/usr/share:/var/lib/snapd/desktop
# environment
DBUS_SESSION_BUS_ADDRESS = unix:path=/run/user/1000/bus
# environment
VSCODE_VERBOSE_LOGGING = true
# environment
PROJECTSPATH = /home/cristian/Comune/_COMMON/Sync/Projects
# environment
P9K_SSH = 0
# environment
LESSOPEN = | /usr/bin/lesspipe %s
# environment
LC_NAME = it_IT.UTF-8
# environment
VSCODE_CWD = /home/cristian
# environment
XDG_SESSION_PATH = /org/freedesktop/DisplayManager/Session0
# default
MAKE_HOST := x86_64-pc-linux-gnu
# environment
PATH = /home/cristian/anaconda3/bin:/home/cristian/anaconda3/condabin:/home/cristian/.local/bin:/usr/local/sbin:/usr/local/bin:/usr/sbin:/usr/bin:/sbin:/bin:/usr/games:/usr/local/games:/snap/bin:/home/cristian/.platformio/penv/bin
# environment
SSMTPPATH = /etc/ssmtp
# environment
GPG_AGENT_INFO = /run/user/1000/gnupg/S.gpg-agent:0:1
# environment
GJS_DEBUG_OUTPUT = stderr
# environment
LSCOLORS = Gxfxcxdxbxegedabagacad
# environment
SESSION_MANAGER = local/linux-server:@/tmp/.ICE-unix/2833,unix/linux-server:/tmp/.ICE-unix/2833
# environment
XDG_RUNTIME_DIR = /run/user/1000
# environment
CODINGPATH = /home/cristian/Comune/_COMMON/Sync/_Doc/UniTn/Corsi/2_Anno/Programmazione_CalcoloNum/Lab/Coding
# environment
CONDA_PREFIX = /home/cristian/anaconda3
# environment
VSCODE_LOG_STACK = false
# environment
ELECTRON_RUN_AS_NODE = 1
# default
.FEATURES := target-specific order-only second-expansion else-if shortest-stem undefine oneshell archives jobserver output-sync check-symlink load
# environment
XDG_GREETER_DATA_DIR = /var/lib/lightdm-data/cristian
# environment
LS_COLORS = 
# environment
XDG_SESSION_DESKTOP = cinnamon
# environment
SSH_AUTH_SOCK = /run/user/1000/keyring/ssh
# environment
GIO_LAUNCHED_DESKTOP_FILE_PID = 28809
# automatic
%F = $(notdir $%)
# environment
ANACRONCHECKPATH = /var/spool/anacron
# environment
DISPLAY = :0
# environment
CONDA_EXE = /home/cristian/anaconda3/bin/conda
# environment
CPPREPOPATH = /home/cristian/Comune/_COMMON/Sync/_Doc/UniTn/Corsi/2_Anno/Programmazione_CalcoloNum/ProgrAvanzata
# environment
VSCODE_PIPE_LOGGING = true
# environment
PWD = /home/cristian/Comune/_COMMON/Sync/_Doc/UniTn/Corsi/2_Anno/Programmazione_CalcoloNum/Lab/Coding
# environment
QT_QPA_PLATFORMTHEME = qt5ct
# default
.LOADED := 
# environment
XDG_SEAT = seat0
# environment
SSH_AGENT_PID = 2916
# environment
XDG_SESSION_CLASS = user
# environment
ORIGINAL_XDG_CURRENT_DESKTOP = X-Cinnamon
# environment
GTK_MODULES = gail:atk-bridge
# environment
VSCODE_AMD_ENTRYPOINT = vs/workbench/api/node/extensionHostProcess
# environment
HOME = /home/cristian
# environment
HDDCRYOLDPATH = /mnt/HDD_CRY/_COMMON/Old
# environment
LESSCLOSE = /usr/bin/lesspipe %s %s
# environment
COMMONOLDPATH = /home/cristian/Comune/_COMMON/Old
# environment
VSCODE_CODE_CACHE_PATH = /home/cristian/.config/Code/CachedData/57fd6d0195bb9b9d1b49f6da5db789060795de47
# environment
LOGNAME = cristian
# environment
APPLICATION_INSIGHTS_NO_DIAGNOSTIC_CHANNEL = 1
# environment
CONDA_PROMPT_MODIFIER = (base) 
# automatic
+F = $(notdir $+)
# environment
SYSPATH = /home/cristian/Comune/System
# environment
ZSH = /home/cristian/.oh-my-zsh
# environment
VSCODE_HANDLES_UNCAUGHT_ERRORS = true
# environment
GNOME_DESKTOP_SESSION_ID = this-is-deprecated
# automatic
^D = $(patsubst %/,%,$(dir $^))
# environment
XDG_VTNR = 7
# environment
MAKELEVEL := 0
# environment
CONDA_DEFAULT_ENV = base
# environment
HDDBACKUPSYNCPATH = /media/cristian/HDD_BACKUP/_COMMON/Sync
# default
MAKE = $(MAKE_COMMAND)
# default
MAKECMDGOALS := all
# environment
SHLVL = 0
# environment
VSCODE_IPC_HOOK_EXTHOST = /run/user/1000/vscode-ipc-d538824d-bdda-4b18-b723-b8ce0d757723.sock
# environment
XDG_SESSION_ID = c2
# environment
USER = cristian
# environment
LC_MONETARY = it_IT.UTF-8
# makefile
.DEFAULT_GOAL := 
# environment
XDG_CURRENT_DESKTOP = X-Cinnamon
# environment
LESS = -R
# automatic
%D = $(patsubst %/,%,$(dir $%))
# environment
LC_TELEPHONE = it_IT.UTF-8
# environment
HDDCRYSYNCPATH = /mnt/HDD_CRY/_COMMON/Sync
# environment
SCRIPTSPATH = /home/cristian/Comune/Scripts
# environment
CONDA_SHLVL = 1
# default
MAKE_COMMAND := make
# environment
OLDPWD = /home/cristian
# environment
DATAANALYSISPATH = /home/cristian/Comune/_COMMON/Sync/_Doc/UniTn/Corsi/2_Anno/FisicaTecnica/tech_phys_lab
# default
.VARIABLES := 
# automatic
*F = $(notdir $*)
# environment
LANGUAGE = en_US:en
# environment
XDG_SEAT_PATH = /org/freedesktop/DisplayManager/Seat0
# environment
VSCODE_IPC_HOOK = /run/user/1000/vscode-e43fb2dc-1.67.0-main.sock
# makefile
MAKEFLAGS = pqrR
# environment
HDDBACKUPOLDPATH = /media/cristian/HDD_BACKUP/_COMMON/Old
# environment
MFLAGS = -pqrR
# automatic
*D = $(patsubst %/,%,$(dir $*))
# environment
CRONCHECKPATH = /var/log/syslog
# automatic
+D = $(patsubst %/,%,$(dir $+))
# environment
GDK_BACKEND = x11
# environment
LC_PAPER = it_IT.UTF-8
# environment
CINNAMON_VERSION = 5.2.7
# environment
QT_ACCESSIBILITY = 1
# environment
DEFAULTS_PATH = /usr/share/gconf/cinnamon.default.path
# environment
COMMONVMSPATH = /home/cristian/Comune/VMs
# default
MAKEFILES := 
# environment
LC_NUMERIC = it_IT.UTF-8
# automatic
<F = $(notdir $<)
# environment
HDDCRY2OLDPATH = /mnt/HDD_CRY2/_COMMON/Old
# environment
HDDBACKUPVMSBKPPATH = /media/cristian/HDD_BACKUP/VMs_Bkp
# environment
LC_MEASUREMENT = it_IT.UTF-8
# environment
PAGER = less
# environment
LC_ALL = C
# environment
ANACRONTABPATH = /etc/anacrontab
# environment
CONDA_PYTHON_EXE = /home/cristian/anaconda3/bin/python
# environment
GJS_DEBUG_TOPICS = JS ERROR;JS LOG
# automatic
^F = $(notdir $^)
# default
SUFFIXES := 
# environment
_CE_M = 
# environment
 
CHROME_DESKTOP = code-url-handler.desktop
# environment
VMSPATH = /home/cristian/Comune/VMs
# default
.INCLUDE_DIRS = /usr/include /usr/local/include /usr/include
# environment
LC_IDENTIFICATION = it_IT.UTF-8
# default
.RECIPEPREFIX := 
# environment
LC_ADDRESS = it_IT.UTF-8
# environment
FAMILYPATH = /mnt/Family
# environment
LANG = C
# environment
VSCODE_PID = 28809
# environment
_CE_CONDA = 
# variable set hash-table stats:
# Load=146/1024=14%, Rehash=0, Collisions=16/168=10%

# Pattern-specific Variable Values

# No pattern-specific variable values.

# Directories

# . (device 66307, inode 9044145): 7 files, no impossibilities.

# 7 files, no impossibilities in 1 directories.

# Implicit Rules

# No implicit rules.

# Files

# Not a target:
all:
#  Command line target.
#  Implicit rule search has been done.
#  File does not exist.
#  File has not been updated.

# Not a target:
Makefile:
#  Implicit rule search has been done.
#  File does not exist.
#  File has been updated.
#  Failed to be updated.

# Not a target:
makefile:
#  Implicit rule search has been done.
#  File does not exist.
#  File has been updated.
#  Failed to be updated.

# Not a target:
.DEFAULT:
#  Implicit rule search has not been done.
#  Modification time never checked.
#  File has not been updated.

# Not a target:
GNUmakefile:
#  Implicit rule search has been done.
#  File does not exist.
#  File has been updated.
#  Failed to be updated.

# files hash-table stats:
# Load=6/1024=1%, Rehash=0, Collisions=0/15=0%
# VPATH Search Paths

# No 'vpath' search paths.

# No general ('VPATH' variable) search path.

# strcache buffers: 1 (0) / strings = 15 / storage = 119 B / avg = 7 B
# current buf: size = 8162 B / used = 119 B / count = 15 / avg = 7 B

# strcache performance: lookups = 18 / hit rate = 16%
# hash-table stats:
# Load=15/8192=0%, Rehash=0, Collisions=1/18=6%
# Finished Make data base on Sat May  7 13:15:10 2022

 
